\BOOKMARK [0][-]{chapter.1}{Integrating time-series data in large-scale discrete cell-based models}{}% 1
\BOOKMARK [1][-]{section.1.1}{Introduction}{chapter.1}% 2
\BOOKMARK [1][-]{section.1.2}{Data and Methods}{chapter.1}% 3
\BOOKMARK [2][-]{subsection.1.2.1}{Data}{section.1.2}% 4
\BOOKMARK [3][-]{definition.1.1}{Interaction graph.}{subsection.1.2.1}% 5
\BOOKMARK [3][-]{section*.3}{Time-series microarray dataset.}{subsection.1.2.1}% 6
\BOOKMARK [2][-]{subsection.1.2.2}{The Process Hitting Framework}{section.1.2}% 7
\BOOKMARK [3][-]{section*.4}{Modeling cooperation.}{subsection.1.2.2}% 8
\BOOKMARK [3][-]{section*.5}{Modeling synchronization.}{subsection.1.2.2}% 9
\BOOKMARK [2][-]{subsection.1.2.3}{Model construction \(from RSTC to PH\)}{section.1.2}% 10
\BOOKMARK [3][-]{section*.6}{Modeling the RSTC network as a PH model.}{subsection.1.2.3}% 11
\BOOKMARK [3][-]{section*.7}{Estimating the parameters for the PH-simulation from time-series gene expression data.}{subsection.1.2.3}% 12
\BOOKMARK [3][-]{section*.8}{Discretization of time-series data.}{subsection.1.2.3}% 13
\BOOKMARK [2][-]{subsection.1.2.4}{Simulation}{section.1.2}% 14
\BOOKMARK [2][-]{subsection.1.2.5}{Automatic analysis of simulation traces}{section.1.2}% 15
\BOOKMARK [1][-]{section.1.3}{Results}{chapter.1}% 16
\BOOKMARK [2][-]{subsection.1.3.1}{Automatic generation of PH model from the PID network}{section.1.3}% 17
\BOOKMARK [2][-]{subsection.1.3.2}{Simulation of Calcium stimulated biological system}{section.1.3}% 18
\BOOKMARK [3][-]{section*.9}{Without the introduction of the synchronization sort.}{subsection.1.3.2}% 19
\BOOKMARK [3][-]{section*.10}{With the introduction of the synchronization sort.}{subsection.1.3.2}% 20
\BOOKMARK [3][-]{section*.11}{Simulating biological processes.}{subsection.1.3.2}% 21
\BOOKMARK [2][-]{subsection.1.3.3}{Model validation: traces analysis}{section.1.3}% 22
\BOOKMARK [1][-]{section.1.4}{Conclusion}{chapter.1}% 23
\BOOKMARK [1][-]{section.1.5}{Acknowledgements}{chapter.1}% 24
\BOOKMARK [1][-]{section.A.1}{Algorithm of patterns detection}{chapter.1}% 25
